Using pre-set license
Built from '2021.3/staging' branch; Version is '2021.3.11f1 (0a5ca18544bf) revision 679073'; Using compiler version '192829333'; Build Type 'Release'
OS: 'Windows 11  (10.0.22000) 64bit Professional' Language: 'en' Physical Memory: 65452 MB
BatchMode: 1, IsHumanControllingUs: 0, StartBugReporterOnCrash: 0, Is64bit: 1, IsPro: 1

COMMAND LINE ARGUMENTS:
C:\Program Files\Unity\Hub\Editor\2021.3.11f1\Editor\Unity.exe
-adb2
-batchMode
-noUpm
-name
AssetImportWorker0
-projectPath
C:/Users/Ryan/Documents/Devhouse Unity Projects/RKing-Sandbox
-logFile
Logs/AssetImportWorker0.log
-srvPort
60488
Successfully changed project path to: C:/Users/Ryan/Documents/Devhouse Unity Projects/RKing-Sandbox
C:/Users/Ryan/Documents/Devhouse Unity Projects/RKing-Sandbox
[UnityMemory] Configuration Parameters - Can be set up in boot.config
    "memorysetup-bucket-allocator-granularity=16"
    "memorysetup-bucket-allocator-bucket-count=8"
    "memorysetup-bucket-allocator-block-size=33554432"
    "memorysetup-bucket-allocator-block-count=8"
    "memorysetup-main-allocator-block-size=16777216"
    "memorysetup-thread-allocator-block-size=16777216"
    "memorysetup-gfx-main-allocator-block-size=16777216"
    "memorysetup-gfx-thread-allocator-block-size=16777216"
    "memorysetup-cache-allocator-block-size=4194304"
    "memorysetup-typetree-allocator-block-size=2097152"
    "memorysetup-profiler-bucket-allocator-granularity=16"
    "memorysetup-profiler-bucket-allocator-bucket-count=8"
    "memorysetup-profiler-bucket-allocator-block-size=33554432"
    "memorysetup-profiler-bucket-allocator-block-count=8"
    "memorysetup-profiler-allocator-block-size=16777216"
    "memorysetup-profiler-editor-allocator-block-size=1048576"
    "memorysetup-temp-allocator-size-main=16777216"
    "memorysetup-job-temp-allocator-block-size=2097152"
    "memorysetup-job-temp-allocator-block-size-background=1048576"
    "memorysetup-job-temp-allocator-reduction-small-platforms=262144"
    "memorysetup-temp-allocator-size-background-worker=32768"
    "memorysetup-temp-allocator-size-job-worker=262144"
    "memorysetup-temp-allocator-size-preload-manager=33554432"
    "memorysetup-temp-allocator-size-nav-mesh-worker=65536"
    "memorysetup-temp-allocator-size-audio-worker=65536"
    "memorysetup-temp-allocator-size-cloud-worker=32768"
    "memorysetup-temp-allocator-size-gi-baking-worker=262144"
    "memorysetup-temp-allocator-size-gfx=262144"
Refreshing native plugins compatible for Editor in 23.63 ms, found 2 plugins.
Preloading 0 native plugins for Editor in 0.00 ms.
Initialize engine version: 2021.3.11f1 (0a5ca18544bf)
[Subsystems] Discovering subsystems at path C:/Program Files/Unity/Hub/Editor/2021.3.11f1/Editor/Data/Resources/UnitySubsystems
[Subsystems] Discovering subsystems at path C:/Users/Ryan/Documents/Devhouse Unity Projects/RKing-Sandbox/Assets
GfxDevice: creating device client; threaded=0; jobified=0
Direct3D:
    Version:  Direct3D 11.0 [level 11.1]
    Renderer: NVIDIA GeForce RTX 3070 (ID=0x2484)
    Vendor:   NVIDIA
    VRAM:     8043 MB
    Driver:   31.0.15.1659
Initialize mono
Mono path[0] = 'C:/Program Files/Unity/Hub/Editor/2021.3.11f1/Editor/Data/Managed'
Mono path[1] = 'C:/Program Files/Unity/Hub/Editor/2021.3.11f1/Editor/Data/MonoBleedingEdge/lib/mono/unityjit-win32'
Mono config path = 'C:/Program Files/Unity/Hub/Editor/2021.3.11f1/Editor/Data/MonoBleedingEdge/etc'
Using monoOptions --debugger-agent=transport=dt_socket,embedding=1,server=y,suspend=n,address=127.0.0.1:56116
Begin MonoManager ReloadAssembly
Registering precompiled unity dll's ...
Register platform support module: C:/Program Files/Unity/Hub/Editor/2021.3.11f1/Editor/Data/PlaybackEngines/WindowsStandaloneSupport/UnityEditor.WindowsStandalone.Extensions.dll
Registered in 0.003695 seconds.
Native extension for WindowsStandalone target not found
Refreshing native plugins compatible for Editor in 21.73 ms, found 2 plugins.
Preloading 0 native plugins for Editor in 0.00 ms.
Mono: successfully reloaded assembly
- Completed reload, in  0.417 seconds
Domain Reload Profiling:
	ReloadAssembly (417ms)
		BeginReloadAssembly (52ms)
			ExecutionOrderSort (0ms)
			DisableScriptedObjects (0ms)
			BackupInstance (0ms)
			ReleaseScriptingObjects (0ms)
			CreateAndSetChildDomain (1ms)
		EndReloadAssembly (288ms)
			LoadAssemblies (50ms)
			RebuildTransferFunctionScriptingTraits (0ms)
			SetupTypeCache (70ms)
			ReleaseScriptCaches (0ms)
			RebuildScriptCaches (19ms)
			SetupLoadedEditorAssemblies (165ms)
				LogAssemblyErrors (0ms)
				InitializePlatformSupportModulesInManaged (5ms)
				SetLoadedEditorAssemblies (0ms)
				RefreshPlugins (22ms)
				BeforeProcessingInitializeOnLoad (1ms)
				ProcessInitializeOnLoadAttributes (103ms)
				ProcessInitializeOnLoadMethodAttributes (34ms)
				AfterProcessingInitializeOnLoad (0ms)
				EditorAssembliesLoaded (0ms)
			ExecutionOrderSort2 (0ms)
			AwakeInstancesAfterBackupRestoration (0ms)
Platform modules already initialized, skipping
Registering precompiled user dll's ...
Registered in 0.005234 seconds.
Begin MonoManager ReloadAssembly
Native extension for WindowsStandalone target not found
Refreshing native plugins compatible for Editor in 0.66 ms, found 2 plugins.
Preloading 0 native plugins for Editor in 0.00 ms.
Launched and connected shader compiler UnityShaderCompiler.exe after 0.03 seconds
Mono: successfully reloaded assembly
- Completed reload, in  0.877 seconds
Domain Reload Profiling:
	ReloadAssembly (878ms)
		BeginReloadAssembly (77ms)
			ExecutionOrderSort (0ms)
			DisableScriptedObjects (4ms)
			BackupInstance (0ms)
			ReleaseScriptingObjects (0ms)
			CreateAndSetChildDomain (14ms)
		EndReloadAssembly (717ms)
			LoadAssemblies (51ms)
			RebuildTransferFunctionScriptingTraits (0ms)
			SetupTypeCache (132ms)
			ReleaseScriptCaches (0ms)
			RebuildScriptCaches (31ms)
			SetupLoadedEditorAssemblies (471ms)
				LogAssemblyErrors (0ms)
				InitializePlatformSupportModulesInManaged (5ms)
				SetLoadedEditorAssemblies (0ms)
				RefreshPlugins (1ms)
				BeforeProcessingInitializeOnLoad (39ms)
				ProcessInitializeOnLoadAttributes (276ms)
				ProcessInitializeOnLoadMethodAttributes (145ms)
				AfterProcessingInitializeOnLoad (4ms)
				EditorAssembliesLoaded (0ms)
			ExecutionOrderSort2 (0ms)
			AwakeInstancesAfterBackupRestoration (5ms)
Platform modules already initialized, skipping
========================================================================
Worker process is ready to serve import requests
Refreshing native plugins compatible for Editor in 0.32 ms, found 2 plugins.
Preloading 0 native plugins for Editor in 0.00 ms.
Unloading 1709 Unused Serialized files (Serialized files now loaded: 0)
Unloading 29 unused Assets / (49.9 KB). Loaded Objects now: 2228.
Memory consumption went from 75.8 MB to 75.8 MB.
Total: 10.287200 ms (FindLiveObjects: 0.122000 ms CreateObjectMapping: 0.042500 ms MarkObjects: 10.062600 ms  DeleteObjects: 0.059200 ms)

AssetImportParameters requested are different than current active one (requested -> active):
  custom:video-decoder-ogg-theora: a1e56fd34408186e4bbccfd4996cb3dc -> 
  custom:container-muxer-webm: aa71ff27fc2769a1b78a27578f13a17b -> 
  custom:container-demuxer-webm: 4f35f7cbe854078d1ac9338744f61a02 -> 
  custom:video-encoder-webm-vp8: eb34c28f22e8b96e1ab97ce403110664 -> 
  custom:audio-encoder-webm-vorbis: bf7c407c2cedff20999df2af8eb42d56 -> 
  custom:framework-win-MediaFoundation: 216162199b28c13a410421893ffa2e32 -> 
  custom:container-demuxer-ogg: 62fdf1f143b41e24485cea50d1cbac27 -> 
  custom:video-decoder-webm-vp8: 9c59270c3fd7afecdb556c50c9e8de78 -> 
  custom:audio-decoder-ogg-vorbis: bf7c407c2cedff20999df2af8eb42d56 -> 
========================================================================
Received Import Request.
  Time since last request: 91298.484857 seconds.
  path: Assets/_Project
  artifactKey: Guid(8590a799f5faf7840bdffe0c3c8e76c4) Importer(815301076,1909f56bfc062723c751e8b465ee728b)
Start importing Assets/_Project using Guid(8590a799f5faf7840bdffe0c3c8e76c4) Importer(815301076,1909f56bfc062723c751e8b465ee728b)  -> (artifact id: '45c973f10a71c6afab22cb3253ba9daf') in 0.007200 seconds 
========================================================================
Received Import Request.
  Time since last request: 0.000010 seconds.
  path: Assets/_Project/Scripts
  artifactKey: Guid(5527f630d9c2fda4385c277014817f5d) Importer(815301076,1909f56bfc062723c751e8b465ee728b)
Start importing Assets/_Project/Scripts using Guid(5527f630d9c2fda4385c277014817f5d) Importer(815301076,1909f56bfc062723c751e8b465ee728b)  -> (artifact id: '916f5a71800fef9227641d4e238c3f35') in 0.003912 seconds 
========================================================================
Received Import Request.
  Time since last request: 2.691728 seconds.
  path: Assets/_Project/Scripts/UI
  artifactKey: Guid(48d571a140b3c8549983a57488d76c89) Importer(815301076,1909f56bfc062723c751e8b465ee728b)
Start importing Assets/_Project/Scripts/UI using Guid(48d571a140b3c8549983a57488d76c89) Importer(815301076,1909f56bfc062723c751e8b465ee728b)  -> (artifact id: '500f87e113c45d26ee7c58c40a75a4a0') in 0.004931 seconds 
========================================================================
Received Import Request.
  Time since last request: 1.883197 seconds.
  path: Assets/_Project/Scripts/Utility
  artifactKey: Guid(62c72ce2292f7984a8555a27014241cd) Importer(815301076,1909f56bfc062723c751e8b465ee728b)
Start importing Assets/_Project/Scripts/Utility using Guid(62c72ce2292f7984a8555a27014241cd) Importer(815301076,1909f56bfc062723c751e8b465ee728b)  -> (artifact id: '7e7808307fabf1db8dd72b9857ca862b') in 0.004533 seconds 
========================================================================
Received Import Request.
  Time since last request: 1.022985 seconds.
  path: Assets/_Project/Scripts/Utility/FolderHolder.txt
  artifactKey: Guid(359cd993ccccdc242a1a3cf2555d2d6d) Importer(815301076,1909f56bfc062723c751e8b465ee728b)
Start importing Assets/_Project/Scripts/Utility/FolderHolder.txt using Guid(359cd993ccccdc242a1a3cf2555d2d6d) Importer(815301076,1909f56bfc062723c751e8b465ee728b)  -> (artifact id: '9c97a2e400c7ee25af7446ce67715205') in 0.024606 seconds 
========================================================================
Received Import Request.
  Time since last request: 3.622536 seconds.
  path: Assets/_Project/!DevTest
  artifactKey: Guid(7f16955c37aa20146be0fec6cf85de89) Importer(815301076,1909f56bfc062723c751e8b465ee728b)
Start importing Assets/_Project/!DevTest using Guid(7f16955c37aa20146be0fec6cf85de89) Importer(815301076,1909f56bfc062723c751e8b465ee728b)  -> (artifact id: '062e1f34154559c5b9262751498cf2d4') in 0.005506 seconds 
========================================================================
Received Import Request.
  Time since last request: 1.053466 seconds.
  path: Assets/_Project/!DevTest/FolderHolder.txt
  artifactKey: Guid(0408bb68f572a0346bb471d32e6ded45) Importer(815301076,1909f56bfc062723c751e8b465ee728b)
Start importing Assets/_Project/!DevTest/FolderHolder.txt using Guid(0408bb68f572a0346bb471d32e6ded45) Importer(815301076,1909f56bfc062723c751e8b465ee728b)  -> (artifact id: 'f502a9f535407b54ab87b556252d3f81') in 0.001811 seconds 
========================================================================
Received Import Request.
  Time since last request: 14.630569 seconds.
  path: Assets/_Project/Scripts/CoreSystems
  artifactKey: Guid(1efd685389ec4a04e99af32d755a8827) Importer(815301076,1909f56bfc062723c751e8b465ee728b)
Start importing Assets/_Project/Scripts/CoreSystems using Guid(1efd685389ec4a04e99af32d755a8827) Importer(815301076,1909f56bfc062723c751e8b465ee728b)  -> (artifact id: 'b7c659bb19f17451ad3ffcf83b4de4e4') in 0.004445 seconds 
========================================================================
Received Import Request.
  Time since last request: 10.280062 seconds.
  path: Assets/Devhouse/UpdateVersionBeforeBuild.cs
  artifactKey: Guid(da41da9047da6f84b970b2ee7e05bfc3) Importer(815301076,1909f56bfc062723c751e8b465ee728b)
Start importing Assets/Devhouse/UpdateVersionBeforeBuild.cs using Guid(da41da9047da6f84b970b2ee7e05bfc3) Importer(815301076,1909f56bfc062723c751e8b465ee728b)  -> (artifact id: '65f0ad2ac507fdb8f0dd91ed11a9497d') in 0.008444 seconds 
